C51 COMPILER V9.54   MAIN                                                                  05/15/2017 10:35:31 PAGE 1   


C51 COMPILER V9.54, COMPILATION OF MODULE MAIN
OBJECT MODULE PLACED IN .\Objects\main.obj
COMPILER INVOKED BY: D:\Keil_v5\C51\BIN\C51.EXE main.c OMF2 OPTIMIZE(8,SPEED) BROWSE DEBUG PRINT(.\Listings\main.lst) OB
                    -JECT(.\Objects\main.obj)

line level    source

   1          #include "system_init.h"
   2          
   3          /*
   4          电源隔离型单RS485总线地址模块
   5          */
   6          
   7          void main(void)
   8          {
   9   1          //系统初始化
  10   1          system_init();
  11   1      
  12   1          //打开总中断
  13   1          Enable_interrupt();
  14   1      
  15   1          //使用看门狗
  16   1          Wdt_enable();// 2.276s 
  17   1      
  18   1          while(1) {  
  19   2                      //解析2路开关量的状态
  20   2                      adc_task();
  21   2                      
  22   2              //解析uart接收的命令
  23   2              uart_task();
  24   2                      
  25   2                      //喂狗
  26   2              Wdt_refresh();
  27   2          }
  28   1      }


MODULE INFORMATION:   STATIC OVERLAYABLE
   CODE SIZE        =     19    ----
   CONSTANT SIZE    =   ----    ----
   XDATA SIZE       =   ----    ----
   PDATA SIZE       =   ----    ----
   DATA SIZE        =   ----    ----
   IDATA SIZE       =   ----    ----
   BIT SIZE         =   ----    ----
   EDATA SIZE       =   ----    ----
   HDATA SIZE       =   ----    ----
   XDATA CONST SIZE =   ----    ----
   FAR CONST SIZE   =   ----    ----
END OF MODULE INFORMATION.


C51 COMPILATION COMPLETE.  0 WARNING(S),  0 ERROR(S)
