C51 COMPILER V9.54   VARIABLE                                                              04/30/2017 13:50:23 PAGE 1   


C51 COMPILER V9.54, COMPILATION OF MODULE VARIABLE
OBJECT MODULE PLACED IN .\Objects\variable.obj
COMPILER INVOKED BY: D:\Keil_v5\C51\BIN\C51.EXE variable.c OMF2 OPTIMIZE(8,SPEED) BROWSE DEBUG PRINT(.\Listings\variable
                    -.lst) OBJECT(.\Objects\variable.obj)

line level    source

   1          #include "config.h"
   2          
   3          /* UART2 */     
   4          xdata  Byte         recv2_buf[MAX_RecvFrame];             // receiving buffer
   5          xdata  Byte         recv2_state;                          // receive state
   6          xdata  Byte         recv2_timer;                          // receive time-out, ç”¨äºå­—èŠ‚é—´è¶…æ—¶åˆ¤å®š
   7          xdata  Byte         recv2_chksum;                         // computed checksum
   8          xdata  Byte         recv2_ctr;                            // reveiving pointer
   9                              
  10          xdata  Byte         trans2_buf[MAX_TransFrame];           // uart transfer message buffer
  11          xdata  Byte         trans2_ctr;                           // transfer pointer
  12          xdata  Byte         trans2_size;                          // transfer bytes number
  13          xdata  Byte         trans2_chksum;                        // computed check-sum of already transfered mess
             -age
  14          
  15          xdata  Byte         uart2_q_index;                        // æ­£åœ¨å‘é€æŸé˜Ÿåˆ—é¡¹çš„åºå·ï¼šè‹¥ä¸º0xF
             -F, è¡¨ç¤ºæ²¡æœ‰ä»»ä½•é¡¹è¿›å…¥å‘é€æµç¨‹
  16          xdata  sUART_Q      uart2_send_queue[UART_QUEUE_NUM];     // ä¸²å£é˜Ÿåˆ—
  17          xdata  sUART_Q      uart2_recv_queue[UART_QUEUE_NUM];     // ä¸²å£é˜Ÿåˆ—
  18          
  19          
  20          /* System */
  21          data   Uint16       gl_ack_tick;                          //ä¸Šä½æœº485å£åº”ç­”å»¶æ—¶è®¡æ—¶ tick
  22          data   Byte         gl_reply_tick;                        //è®¾å¤‡è¿”å›å»¶æ—¶
  23          data   Byte         gl_comm_addr;                         //æœ¬æ¨¡å—485é€šä¿¡åœ°å€
  24          data   Byte         watch_dog_tick;
  25          
  26          /* AD sample */
  27          data   Byte         ad_index;                             //æ­£åœ¨é‡‡æ ·çš„é€šé“å·ï¼ŒèŒƒå›´0-1
  28          data   sAD_Sample   ad_sample;                            //ä¿å­˜å½“å‰é‡‡æ ·å€¼
  29          data   sAD_Sum      ad_samp_equ[2];                       //å‡è¡¡å»å™ªå£°æ±‚å’Œ
  30          data   Uint16       ad_chn_sample[2];                     //æœ€æ–°ä¸€è½®é‡‡æ ·å€¼ï¼ˆå·²å‡è¡¡å»å™ªå£°ï¼Œæ
             -¯é€šé“ä¸€ç‚¹ï¼‰
  31          data   Byte         ad_equ_pum;                           //æ¯ä¸ªé€šé“é‡‡æ ·å¤šæ¬¡æ±‚å¹³å‡å€¼
  32          data   Byte         ad_chn_over[2];                       //å„é€šé“è¿ç»­é‡‡æ ·ç‚¹(å‡è¡¡å)çš„é˜€å€¼åˆ
             -¤å®šï¼š 0 - èŒƒå›´å†…ï¼› 1 - è¶…é˜€å€¼                              
  33          data   Byte         ad_alarm_exts;                        //æŠ¥è­¦æ ‡å¿—ï¼š00-æ— æŠ¥è­¦, 01-1#é˜²åŒºæŠ¥è­¦
             -, 02-2#é˜²åŒºæŠ¥è­¦, 03-1#å’Œ2#é˜²åŒºåŒæ—¶æŠ¥è­¦                   
  34          data   Uint16       ad_alarm_tick[2];                     //å„é€šé“æŠ¥è­¦è®¡æ—¶tick
  35          


MODULE INFORMATION:   STATIC OVERLAYABLE
   CODE SIZE        =   ----    ----
   CONSTANT SIZE    =   ----    ----
   XDATA SIZE       =    836    ----
   PDATA SIZE       =   ----    ----
   DATA SIZE        =     28    ----
   IDATA SIZE       =   ----    ----
   BIT SIZE         =   ----    ----
   EDATA SIZE       =   ----    ----
   HDATA SIZE       =   ----    ----
   XDATA CONST SIZE =   ----    ----
   FAR CONST SIZE   =   ----    ----
C51 COMPILER V9.54   VARIABLE                                                              04/30/2017 13:50:23 PAGE 2   

END OF MODULE INFORMATION.


C51 COMPILATION COMPLETE.  0 WARNING(S),  0 ERROR(S)
